#
# There is insufficient memory for the Java Runtime Environment to continue.
# Native memory allocation (mmap) failed to map 132120576 bytes for G1 virtual space
# Possible reasons:
#   The system is out of physical RAM or swap space
#   The process is running with CompressedOops enabled, and the Java Heap may be blocking the growth of the native heap
# Possible solutions:
#   Reduce memory load on the system
#   Increase physical memory or swap space
#   Check if swap backing store is full
#   Decrease Java heap size (-Xmx/-Xms)
#   Decrease number of Java threads
#   Decrease Java thread stack sizes (-Xss)
#   Set larger code cache with -XX:ReservedCodeCacheSize=
#   JVM is running with Unscaled Compressed Oops mode in which the Java heap is
#     placed in the first 4GB address space. The Java Heap base address is the
#     maximum limit for the native heap growth. Please use -XX:HeapBaseMinAddress
#     to set the Java Heap base and to place the Java Heap above 4GB virtual address.
# This output file may be truncated or incomplete.
#
#  Out of Memory Error (os_windows.cpp:3600), pid=8596, tid=2160
#
# JRE version:  (21.0.2+13) (build )
# Java VM: OpenJDK 64-Bit Server VM (21.0.2+13-LTS, mixed mode, sharing, tiered, compressed oops, compressed class ptrs, g1 gc, windows-amd64)
# No core dump will be written. Minidumps are not enabled by default on client versions of Windows
#

---------------  S U M M A R Y ------------

Command Line: -XX:+ShowCodeDetailsInExceptionMessages ContaTerminal

Host: Intel(R) Core(TM) i5-9300H CPU @ 2.40GHz, 8 cores, 7G,  Windows 11 , 64 bit Build 22621 (10.0.22621.3374)
Time: Thu Apr 18 21:21:13 2024 Hora oficial do Brasil elapsed time: 0.010940 seconds (0d 0h 0m 0s)

---------------  T H R E A D  ---------------

Current thread (0x000001be988dcd30):  JavaThread "Unknown thread" [_thread_in_vm, id=2160, stack(0x0000007991900000,0x0000007991a00000) (1024K)]

Stack: [0x0000007991900000,0x0000007991a00000]
Native frames: (J=compiled Java code, j=interpreted, Vv=VM code, C=native code)
V  [jvm.dll+0x6c94f9]
V  [jvm.dll+0x8a3c21]
V  [jvm.dll+0x8a614e]
V  [jvm.dll+0x8a6823]
V  [jvm.dll+0x27fa86]
V  [jvm.dll+0x6c5c75]
V  [jvm.dll+0x6ba96a]
V  [jvm.dll+0x35398a]
V  [jvm.dll+0x35b536]
V  [jvm.dll+0x3ac6be]
V  [jvm.dll+0x3ac968]
V  [jvm.dll+0x327bcc]
V  [jvm.dll+0x32872b]
V  [jvm.dll+0x86ccf9]
V  [jvm.dll+0x3b96c1]
V  [jvm.dll+0x854ec8]
V  [jvm.dll+0x44d44e]
V  [jvm.dll+0x44eed1]
C  [jli.dll+0x5278]
C  [ucrtbase.dll+0x29333]
C  [KERNEL32.DLL+0x1257d]
C  [ntdll.dll+0x5aa48]


---------------  P R O C E S S  ---------------

Threads class SMR info:
_java_thread_list=0x00007fffdc57f088, length=0, elements={
}

Java Threads: ( => current thread )
Total: 0

Other Threads:
  0x000001be988c8670 WorkerThread "GC Thread#0"                     [id=15600, stack(0x0000007991a00000,0x0000007991b00000) (1024K)]
  0x000001be9abbd2b0 ConcurrentGCThread "G1 Main Marker"            [id=15904, stack(0x0000007991b00000,0x0000007991c00000) (1024K)]
  0x000001be988c8a10 WorkerThread "G1 Conc#0"                       [id=16632, stack(0x0000007991c00000,0x0000007991d00000) (1024K)]

[error occurred during error reporting (printing all threads), id 0xc0000005, EXCEPTION_ACCESS_VIOLATION (0xc0000005) at pc=0x00007fffdbc8a4f7]
VM state: not at safepoint (not fully initialized)

VM Mutex/Monitor currently owned by a thread:  ([mutex/lock_event])
[0x00007fffdc5f3298] Heap_lock - owner thread: 0x000001be988dcd30

Heap address: 0x0000000082800000, size: 2008 MB, Compressed Oops mode: 32-bit

CDS archive(s) mapped at: [0x0000000000000000-0x0000000000000000-0x0000000000000000), size 0, SharedBaseAddress: 0x0000000800000000, ArchiveRelocationMode: 1.
Narrow klass base: 0x0000000000000000, Narrow klass shift: 0, Narrow klass range: 0x0

GC Precious Log:
 CardTable entry size: 512
 Card Set container configuration: InlinePtr #cards 5 size 8 Array Of Cards #cards 12 size 40 Howl #buckets 4 coarsen threshold 1843 Howl Bitmap #cards 512 size 80 coarsen threshold 460 Card regions per heap region 1 cards per card region 2048

Heap:
 garbage-first heap   total 0K, used 0K [0x0000000082800000, 0x0000000100000000)
  region size 1024K, 0 young (0K), 0 survivors (0K)

[error occurred during error reporting (printing heap information), id 0xc0000005, EXCEPTION_ACCESS_VIOLATION (0xc0000005) at pc=0x00007fffdc0723c9]
GC Heap History (0 events):
No events

Dll operation events (1 events):
Event: 0.005 Loaded shared library C:\Program Files\Eclipse Adoptium\jdk-21.0.2.13-hotspot\bin\java.dll

Deoptimization events (0 events):
No events

Classes loaded (0 events):
No events

Classes unloaded (0 events):
No events

Classes redefined (0 events):
No events

Internal exceptions (0 events):
No events

ZGC Phase Switch (0 events):
No events

VM Operations (0 events):
No events

Events (0 events):
No events


Dynamic libraries:
0x00007ff72d270000 - 0x00007ff72d27e000 	C:\Program Files\Eclipse Adoptium\jdk-21.0.2.13-hotspot\bin\java.exe
0x00007ff840170000 - 0x00007ff840386000 	C:\WINDOWS\SYSTEM32\ntdll.dll
0x00007ff83e990000 - 0x00007ff83ea54000 	C:\WINDOWS\System32\KERNEL32.DLL
0x00007ff83d5f0000 - 0x00007ff83d997000 	C:\WINDOWS\System32\KERNELBASE.dll
0x00007ff83d9a0000 - 0x00007ff83dab1000 	C:\WINDOWS\System32\ucrtbase.dll
0x00007ff833780000 - 0x00007ff83379b000 	C:\Program Files\Eclipse Adoptium\jdk-21.0.2.13-hotspot\bin\VCRUNTIME140.dll
0x00007ff836ed0000 - 0x00007ff836ee8000 	C:\Program Files\Eclipse Adoptium\jdk-21.0.2.13-hotspot\bin\jli.dll
0x00007ff83fab0000 - 0x00007ff83fc5e000 	C:\WINDOWS\System32\USER32.dll
0x00007ff824f20000 - 0x00007ff8251b3000 	C:\WINDOWS\WinSxS\amd64_microsoft.windows.common-controls_6595b64144ccf1df_6.0.22621.3235_none_270f74e173860f98\COMCTL32.dll
0x00007ff83dd00000 - 0x00007ff83dd26000 	C:\WINDOWS\System32\win32u.dll
0x00007ff83ffe0000 - 0x00007ff840009000 	C:\WINDOWS\System32\GDI32.dll
0x00007ff83ea70000 - 0x00007ff83eb17000 	C:\WINDOWS\System32\msvcrt.dll
0x00007ff83dac0000 - 0x00007ff83dbd9000 	C:\WINDOWS\System32\gdi32full.dll
0x00007ff83dc60000 - 0x00007ff83dcfa000 	C:\WINDOWS\System32\msvcp_win.dll
0x00007ff83e0a0000 - 0x00007ff83e0d1000 	C:\WINDOWS\System32\IMM32.DLL
0x00007ff837680000 - 0x00007ff83768c000 	C:\Program Files\Eclipse Adoptium\jdk-21.0.2.13-hotspot\bin\vcruntime140_1.dll
0x00007ff8147d0000 - 0x00007ff81485e000 	C:\Program Files\Eclipse Adoptium\jdk-21.0.2.13-hotspot\bin\msvcp140.dll
0x00007fffdb950000 - 0x00007fffdc6d3000 	C:\Program Files\Eclipse Adoptium\jdk-21.0.2.13-hotspot\bin\server\jvm.dll
0x00007ff83fc60000 - 0x00007ff83fd12000 	C:\WINDOWS\System32\ADVAPI32.dll
0x00007ff83fa00000 - 0x00007ff83faa8000 	C:\WINDOWS\System32\sechost.dll
0x00007ff83d500000 - 0x00007ff83d528000 	C:\WINDOWS\System32\bcrypt.dll
0x00007ff840010000 - 0x00007ff840125000 	C:\WINDOWS\System32\RPCRT4.dll
0x00007ff83fd30000 - 0x00007ff83fda1000 	C:\WINDOWS\System32\WS2_32.dll
0x00007ff83c2f0000 - 0x00007ff83c33d000 	C:\WINDOWS\SYSTEM32\POWRPROF.dll
0x00007ff834470000 - 0x00007ff8344a4000 	C:\WINDOWS\SYSTEM32\WINMM.dll
0x00007ff8334e0000 - 0x00007ff8334ea000 	C:\WINDOWS\SYSTEM32\VERSION.dll
0x00007ff83c2d0000 - 0x00007ff83c2e3000 	C:\WINDOWS\SYSTEM32\UMPDC.dll
0x00007ff83c580000 - 0x00007ff83c598000 	C:\WINDOWS\SYSTEM32\kernel.appcore.dll
0x00007ff8345e0000 - 0x00007ff8345ea000 	C:\Program Files\Eclipse Adoptium\jdk-21.0.2.13-hotspot\bin\jimage.dll
0x00007ff829530000 - 0x00007ff829763000 	C:\WINDOWS\SYSTEM32\DBGHELP.DLL
0x00007ff83e160000 - 0x00007ff83e4e8000 	C:\WINDOWS\System32\combase.dll
0x00007ff83dea0000 - 0x00007ff83df77000 	C:\WINDOWS\System32\OLEAUT32.dll
0x00007ff817e20000 - 0x00007ff817e52000 	C:\WINDOWS\SYSTEM32\dbgcore.DLL
0x00007ff83dbe0000 - 0x00007ff83dc59000 	C:\WINDOWS\System32\bcryptPrimitives.dll
0x00007ff824b20000 - 0x00007ff824b3f000 	C:\Program Files\Eclipse Adoptium\jdk-21.0.2.13-hotspot\bin\java.dll

dbghelp: loaded successfully - version: 4.0.5 - missing functions: none
symbol engine: initialized successfully - sym options: 0x614 - pdb path: .;C:\Program Files\Eclipse Adoptium\jdk-21.0.2.13-hotspot\bin;C:\WINDOWS\SYSTEM32;C:\WINDOWS\WinSxS\amd64_microsoft.windows.common-controls_6595b64144ccf1df_6.0.22621.3235_none_270f74e173860f98;C:\Program Files\Eclipse Adoptium\jdk-21.0.2.13-hotspot\bin\server

VM Arguments:
jvm_args: -XX:+ShowCodeDetailsInExceptionMessages 
java_command: ContaTerminal
java_class_path (initial): D:\Cursos\Projetos\dio-java-basico\conta-banco\bin
Launcher Type: SUN_STANDARD

[Global flags]
     intx CICompilerCount                          = 4                                         {product} {ergonomic}
     uint ConcGCThreads                            = 2                                         {product} {ergonomic}
     uint G1ConcRefinementThreads                  = 8                                         {product} {ergonomic}
   size_t G1HeapRegionSize                         = 1048576                                   {product} {ergonomic}
    uintx GCDrainStackTargetSize                   = 64                                        {product} {ergonomic}
   size_t InitialHeapSize                          = 132120576                                 {product} {ergonomic}
   size_t MarkStackSize                            = 4194304                                   {product} {ergonomic}
   size_t MaxHeapSize                              = 2105540608                                {product} {ergonomic}
   size_t MinHeapDeltaBytes                        = 1048576                                   {product} {ergonomic}
   size_t MinHeapSize                              = 8388608                                   {product} {ergonomic}
    uintx NonNMethodCodeHeapSize                   = 5839372                                {pd product} {ergonomic}
    uintx NonProfiledCodeHeapSize                  = 122909434                              {pd product} {ergonomic}
    uintx ProfiledCodeHeapSize                     = 122909434                              {pd product} {ergonomic}
    uintx ReservedCodeCacheSize                    = 251658240                              {pd product} {ergonomic}
     bool SegmentedCodeCache                       = true                                      {product} {ergonomic}
     bool ShowCodeDetailsInExceptionMessages       = true                                   {manageable} {command line}
   size_t SoftMaxHeapSize                          = 2105540608                             {manageable} {ergonomic}
     bool UseCompressedOops                        = true                           {product lp64_product} {ergonomic}
     bool UseG1GC                                  = true                                      {product} {ergonomic}
     bool UseLargePagesIndividualAllocation        = false                                  {pd product} {ergonomic}

Logging:
Log output configuration:
 #0: stdout all=warning uptime,level,tags foldmultilines=false
 #1: stderr all=off uptime,level,tags foldmultilines=false

Environment Variables:
PATH=C:\Program Files\Eclipse Adoptium\jdk-21.0.2.13-hotspot\bin;C:\Program Files\Common Files\Oracle\Java\javapath;C:\WINDOWS\system32;C:\WINDOWS;C:\WINDOWS\System32\Wbem;C:\WINDOWS\System32\WindowsPowerShell\v1.0\;C:\WINDOWS\System32\OpenSSH\;D:\Git\cmd;D:\;C:\Program Files\NVIDIA Corporation\NVIDIA NvDLISR;C:\Program Files (x86)\NVIDIA Corporation\PhysX\Common;C:\Users\calou\AppData\Local\Microsoft\WindowsApps;;D:\Microsoft VS Code\bin;C:\Users\calou\AppData\Roaming\npm
USERNAME=calou
LANG=en_US.UTF-8
OS=Windows_NT
PROCESSOR_IDENTIFIER=Intel64 Family 6 Model 158 Stepping 13, GenuineIntel
TMP=C:\Users\calou\AppData\Local\Temp
TEMP=C:\Users\calou\AppData\Local\Temp




Periodic native trim disabled

---------------  S Y S T E M  ---------------

OS:
 Windows 11 , 64 bit Build 22621 (10.0.22621.3374)
OS uptime: 5 days 9:14 hours
Hyper-V role detected

CPU: total 8 (initial active 8) (4 cores per cpu, 2 threads per core) family 6 model 158 stepping 13 microcode 0xde, cx8, cmov, fxsr, ht, mmx, 3dnowpref, sse, sse2, sse3, ssse3, sse4.1, sse4.2, popcnt, lzcnt, tsc, tscinvbit, avx, avx2, aes, erms, clmul, bmi1, bmi2, adx, fma, vzeroupper, clflush, clflushopt, hv, rdtscp, f16c
Processor Information for all 8 processors :
  Max Mhz: 2400, Current Mhz: 2400, Mhz Limit: 2400

Memory: 4k page, system-wide physical 8029M (583M free)
TotalPageFile size 12125M (AvailPageFile size 96M)
current process WorkingSet (physical memory assigned to process): 11M, peak: 11M
current process commit charge ("private bytes"): 60M, peak: 186M

vm_info: OpenJDK 64-Bit Server VM (21.0.2+13-LTS) for windows-amd64 JRE (21.0.2+13-LTS), built on 2024-01-16T00:00:00Z by "admin" with unknown MS VC++:1937

END.
